{"numFailedTestSuites":0,"numFailedTests":0,"numPassedTestSuites":1,"numPassedTests":5,"numPendingTestSuites":0,"numPendingTests":0,"numRuntimeErrorTestSuites":0,"numTodoTests":0,"numTotalTestSuites":1,"numTotalTests":5,"openHandles":[],"snapshot":{"added":0,"didUpdate":false,"failure":false,"filesAdded":0,"filesRemoved":0,"filesRemovedList":[],"filesUnmatched":0,"filesUpdated":0,"matched":0,"total":0,"unchecked":0,"uncheckedKeysByFile":[],"unmatched":0,"updated":0},"startTime":1771327057082,"success":true,"testResults":[{"assertionResults":[{"ancestorTitles":["useCheckout"],"duration":44,"failing":false,"failureDetails":[],"failureMessages":[],"fullName":"useCheckout should handle successful checkout and redirect","invocations":1,"location":null,"numPassingAsserts":6,"retryReasons":[],"startAt":1771327058260,"status":"passed","title":"should handle successful checkout and redirect"},{"ancestorTitles":["useCheckout"],"duration":21,"failing":false,"failureDetails":[],"failureMessages":[],"fullName":"useCheckout should set error if checkout process fails","invocations":1,"location":null,"numPassingAsserts":4,"retryReasons":[],"startAt":1771327058305,"status":"passed","title":"should set error if checkout process fails"},{"ancestorTitles":["useCheckout"],"duration":11,"failing":false,"failureDetails":[],"failureMessages":[],"fullName":"useCheckout should set error if order creation fails","invocations":1,"location":null,"numPassingAsserts":5,"retryReasons":[],"startAt":1771327058327,"status":"passed","title":"should set error if order creation fails"},{"ancestorTitles":["useCheckout"],"duration":3,"failing":false,"failureDetails":[],"failureMessages":[],"fullName":"useCheckout should set error if cart is empty","invocations":1,"location":null,"numPassingAsserts":2,"retryReasons":[],"startAt":1771327058339,"status":"passed","title":"should set error if cart is empty"},{"ancestorTitles":["useCheckout"],"duration":3,"failing":false,"failureDetails":[],"failureMessages":[],"fullName":"useCheckout should set error if RevenueCat is not ready","invocations":1,"location":null,"numPassingAsserts":2,"retryReasons":[],"startAt":1771327058342,"status":"passed","title":"should set error if RevenueCat is not ready"}],"endTime":1771327058346,"message":"","name":"C:\\Users\\Hanz Mapua\\Workspace\\technova-web\\src\\hooks\\__tests__\\useCheckout.test.tsx","startTime":1771327057802,"status":"passed","summary":""}],"wasInterrupted":false}
